#
# There is insufficient memory for the Java Runtime Environment to continue.
# Native memory allocation (malloc) failed to allocate 2161296 bytes. Error detail: Chunk::new
# Possible reasons:
#   The system is out of physical RAM or swap space
#   This process is running with CompressedOops enabled, and the Java Heap may be blocking the growth of the native heap
# Possible solutions:
#   Reduce memory load on the system
#   Increase physical memory or swap space
#   Check if swap backing store is full
#   Decrease Java heap size (-Xmx/-Xms)
#   Decrease number of Java threads
#   Decrease Java thread stack sizes (-Xss)
#   Set larger code cache with -XX:ReservedCodeCacheSize=
#   JVM is running with Unscaled Compressed Oops mode in which the Java heap is
#     placed in the first 4GB address space. The Java Heap base address is the
#     maximum limit for the native heap growth. Please use -XX:HeapBaseMinAddress
#     to set the Java Heap base and to place the Java Heap above 4GB virtual address.
# This output file may be truncated or incomplete.
#
#  Out of Memory Error (arena.cpp:168), pid=22304, tid=8348
#
# JRE version: OpenJDK Runtime Environment Temurin-21.0.8+9 (21.0.8+9) (build 21.0.8+9-LTS)
# Java VM: OpenJDK 64-Bit Server VM Temurin-21.0.8+9 (21.0.8+9-LTS, mixed mode, sharing, tiered, compressed oops, compressed class ptrs, parallel gc, windows-amd64)
# No core dump will be written. Minidumps are not enabled by default on client versions of Windows
#

---------------  S U M M A R Y ------------

Command Line: --add-modules=ALL-SYSTEM --add-opens=java.base/java.util=ALL-UNNAMED --add-opens=java.base/java.lang=ALL-UNNAMED --add-opens=java.base/sun.nio.fs=ALL-UNNAMED -Declipse.application=org.eclipse.jdt.ls.core.id1 -Dosgi.bundles.defaultStartLevel=4 -Declipse.product=org.eclipse.jdt.ls.core.product -Djava.import.generatesMetadataFilesAtProjectRoot=false -DDetectVMInstallationsJob.disabled=true -Dfile.encoding=utf8 -XX:+UseParallelGC -XX:GCTimeRatio=4 -XX:AdaptiveSizePolicyWeight=90 -Dsun.zip.disableMemoryMapping=true -Xmx2G -Xms100m -Xlog:disable -javaagent:c:\Users\krish\.vscode\extensions\redhat.java-1.46.0-win32-x64\lombok\lombok-1.18.39-4050.jar -XX:+HeapDumpOnOutOfMemoryError -XX:HeapDumpPath=c:\Users\krish\AppData\Roaming\Code\User\workspaceStorage\9a28730b11c7b433dc7486a3eba37682\redhat.java -Daether.dependencyCollector.impl=bf c:\Users\krish\.vscode\extensions\redhat.java-1.46.0-win32-x64\server\plugins\org.eclipse.equinox.launcher_1.7.0.v20250519-0528.jar -configuration c:\Users\krish\AppData\Roaming\Code\User\globalStorage\redhat.java\1.46.0\config_win -data c:\Users\krish\AppData\Roaming\Code\User\workspaceStorage\9a28730b11c7b433dc7486a3eba37682\redhat.java\jdt_ws --pipe=\\.\pipe\lsp-4c6664af0c0208a87e3566a7a4839419-sock

Host: AMD Ryzen 5 5600H with Radeon Graphics         , 12 cores, 7G,  Windows 11 , 64 bit Build 26100 (10.0.26100.6725)
Time: Thu Oct 16 18:36:56 2025 India Standard Time elapsed time: 62.212310 seconds (0d 0h 1m 2s)

---------------  T H R E A D  ---------------

Current thread (0x000002000442ca70):  JavaThread "C2 CompilerThread0" daemon [_thread_in_native, id=8348, stack(0x0000001c43500000,0x0000001c43600000) (1024K)]


Current CompileTask:
C2:62212 13150 %     4       org.lombokweb.asm.ClassReader::readCode @ 2187 (5117 bytes)

Stack: [0x0000001c43500000,0x0000001c43600000]
Native frames: (J=compiled Java code, j=interpreted, Vv=VM code, C=native code)
V  [jvm.dll+0x6d2449]
V  [jvm.dll+0x8ae341]
V  [jvm.dll+0x8b08be]
V  [jvm.dll+0x8b0fa3]
V  [jvm.dll+0x280c96]
V  [jvm.dll+0xc581d]
V  [jvm.dll+0xc5d53]
V  [jvm.dll+0x3b919c]
V  [jvm.dll+0x1e1213]
V  [jvm.dll+0x249022]
V  [jvm.dll+0x2484af]
V  [jvm.dll+0x1c89ee]
V  [jvm.dll+0x257d4d]
V  [jvm.dll+0x2562ea]
V  [jvm.dll+0x3f2d16]
V  [jvm.dll+0x857e6b]
V  [jvm.dll+0x6d0b0d]
C  [ucrtbase.dll+0x37b0]
C  [KERNEL32.DLL+0x2e8d7]
C  [ntdll.dll+0x8c53c]


---------------  P R O C E S S  ---------------

Threads class SMR info:
_java_thread_list=0x000002005e9d9b30, length=84, elements={
0x0000020001f49760, 0x000002001ae0d8e0, 0x000002001ae0e690, 0x0000020004415330,
0x0000020004417f50, 0x000002000441c1f0, 0x0000020004420530, 0x000002000442ca70,
0x000002005d25e0e0, 0x0000020004420bc0, 0x0000020004422c90, 0x0000020004421250,
0x0000020004421f70, 0x00000200044218e0, 0x000002000441fea0, 0x0000020004422600,
0x00000200631f6800, 0x00000200631f5450, 0x00000200631f3a10, 0x00000200631f6170,
0x00000200631f5ae0, 0x00000200631f6e90, 0x00000200631f7520, 0x00000200631f7bb0,
0x00000200631f4730, 0x00000200631f8240, 0x00000200631f4dc0, 0x00000200631f88d0,
0x00000200631f8f60, 0x00000200631fa310, 0x00000200631fa9a0, 0x00000200631f95f0,
0x00000200631f9c80, 0x00000200631fb030, 0x00000200665acea0, 0x00000200665ad530,
0x00000200665adbc0, 0x00000200665abaf0, 0x00000200665ae250, 0x00000200665ac810,
0x00000200665ac180, 0x00000200665ae8e0, 0x00000200665b0320, 0x00000200665afc90,
0x00000200665af600, 0x00000200665b16d0, 0x00000200665b23f0, 0x00000200665b1d60,
0x00000200665b2a80, 0x00000200636136e0, 0x00000200636171f0, 0x0000020063615120,
0x0000020063613d70, 0x00000200636164d0, 0x00000200636157b0, 0x0000020063615e40,
0x0000020063616b60, 0x0000020063617880, 0x0000020063619950, 0x000002006361ad00,
0x0000020063617f10, 0x000002006361a670, 0x0000020063618c30, 0x00000200636192c0,
0x0000020063619fe0, 0x00000200636185a0, 0x00000200665ab460, 0x000002006416f460,
0x000002006416e0b0, 0x000002006416c670, 0x000002006416bfe0, 0x000002006416edd0,
0x000002006416da20, 0x000002006416e740, 0x000002006416faf0, 0x0000020064170180,
0x000002006416cd00, 0x0000020064170810, 0x000002006416d390, 0x0000020064171530,
0x0000020064171bc0, 0x0000020064172250, 0x00000200641728e0, 0x00000200662f3c30
}

Java Threads: ( => current thread )
  0x0000020001f49760 JavaThread "main"                              [_thread_blocked, id=16916, stack(0x0000001c42b00000,0x0000001c42c00000) (1024K)]
  0x000002001ae0d8e0 JavaThread "Reference Handler"          daemon [_thread_blocked, id=21972, stack(0x0000001c42f00000,0x0000001c43000000) (1024K)]
  0x000002001ae0e690 JavaThread "Finalizer"                  daemon [_thread_blocked, id=20600, stack(0x0000001c43000000,0x0000001c43100000) (1024K)]
  0x0000020004415330 JavaThread "Signal Dispatcher"          daemon [_thread_blocked, id=20648, stack(0x0000001c43100000,0x0000001c43200000) (1024K)]
  0x0000020004417f50 JavaThread "Attach Listener"            daemon [_thread_blocked, id=12952, stack(0x0000001c43200000,0x0000001c43300000) (1024K)]
  0x000002000441c1f0 JavaThread "Service Thread"             daemon [_thread_blocked, id=21636, stack(0x0000001c43300000,0x0000001c43400000) (1024K)]
  0x0000020004420530 JavaThread "Monitor Deflation Thread"   daemon [_thread_blocked, id=22364, stack(0x0000001c43400000,0x0000001c43500000) (1024K)]
=>0x000002000442ca70 JavaThread "C2 CompilerThread0"         daemon [_thread_in_native, id=8348, stack(0x0000001c43500000,0x0000001c43600000) (1024K)]
  0x000002005d25e0e0 JavaThread "C1 CompilerThread0"         daemon [_thread_in_native, id=21628, stack(0x0000001c43600000,0x0000001c43700000) (1024K)]
  0x0000020004420bc0 JavaThread "Common-Cleaner"             daemon [_thread_blocked, id=12976, stack(0x0000001c43700000,0x0000001c43800000) (1024K)]
  0x0000020004422c90 JavaThread "Notification Thread"        daemon [_thread_blocked, id=14880, stack(0x0000001c43900000,0x0000001c43a00000) (1024K)]
  0x0000020004421250 JavaThread "Active Thread: Equinox Container: 585fc101-bd3f-45ce-9248-46429e1ec071"        [_thread_blocked, id=13508, stack(0x0000001c43a00000,0x0000001c43b00000) (1024K)]
  0x0000020004421f70 JavaThread "Refresh Thread: Equinox Container: 585fc101-bd3f-45ce-9248-46429e1ec071" daemon [_thread_blocked, id=20748, stack(0x0000001c44100000,0x0000001c44200000) (1024K)]
  0x00000200044218e0 JavaThread "Framework Event Dispatcher: Equinox Container: 585fc101-bd3f-45ce-9248-46429e1ec071" daemon [_thread_blocked, id=17656, stack(0x0000001c44300000,0x0000001c44400000) (1024K)]
  0x000002000441fea0 JavaThread "Start Level: Equinox Container: 585fc101-bd3f-45ce-9248-46429e1ec071" daemon [_thread_blocked, id=18252, stack(0x0000001c44400000,0x0000001c44500000) (1024K)]
  0x0000020004422600 JavaThread "Bundle File Closer"         daemon [_thread_blocked, id=20404, stack(0x0000001c44700000,0x0000001c44800000) (1024K)]
  0x00000200631f6800 JavaThread "SCR Component Actor"        daemon [_thread_blocked, id=15900, stack(0x0000001c44800000,0x0000001c44900000) (1024K)]
  0x00000200631f5450 JavaThread "Worker-JM"                         [_thread_blocked, id=15272, stack(0x0000001c44900000,0x0000001c44a00000) (1024K)]
  0x00000200631f3a10 JavaThread "Worker-0"                          [_thread_blocked, id=23056, stack(0x0000001c43800000,0x0000001c43900000) (1024K)]
  0x00000200631f6170 JavaThread "Worker-1: Publish Diagnostics"        [_thread_in_Java, id=20432, stack(0x0000001c44a00000,0x0000001c44b00000) (1024K)]
  0x00000200631f5ae0 JavaThread "Java indexing"              daemon [_thread_blocked, id=18664, stack(0x0000001c44c00000,0x0000001c44d00000) (1024K)]
  0x00000200631f6e90 JavaThread "Worker-2"                          [_thread_blocked, id=22276, stack(0x0000001c44d00000,0x0000001c44e00000) (1024K)]
  0x00000200631f7520 JavaThread "Worker-3"                          [_thread_blocked, id=8876, stack(0x0000001c44e00000,0x0000001c44f00000) (1024K)]
  0x00000200631f7bb0 JavaThread "JNA Cleaner"                daemon [_thread_blocked, id=18260, stack(0x0000001c44f00000,0x0000001c45000000) (1024K)]
  0x00000200631f4730 JavaThread "Worker-4"                          [_thread_blocked, id=19536, stack(0x0000001c45200000,0x0000001c45300000) (1024K)]
  0x00000200631f8240 JavaThread "Worker-5"                          [_thread_blocked, id=2348, stack(0x0000001c45300000,0x0000001c45400000) (1024K)]
  0x00000200631f4dc0 JavaThread "Thread-1"                   daemon [_thread_in_native, id=4792, stack(0x0000001c45400000,0x0000001c45500000) (1024K)]
  0x00000200631f88d0 JavaThread "Thread-2"                   daemon [_thread_in_native, id=7912, stack(0x0000001c45500000,0x0000001c45600000) (1024K)]
  0x00000200631f8f60 JavaThread "Thread-3"                   daemon [_thread_in_native, id=23316, stack(0x0000001c45600000,0x0000001c45700000) (1024K)]
  0x00000200631fa310 JavaThread "Thread-4"                   daemon [_thread_in_native, id=8292, stack(0x0000001c45700000,0x0000001c45800000) (1024K)]
  0x00000200631fa9a0 JavaThread "Thread-5"                   daemon [_thread_in_native, id=20844, stack(0x0000001c45800000,0x0000001c45900000) (1024K)]
  0x00000200631f95f0 JavaThread "Thread-6"                   daemon [_thread_in_native, id=20528, stack(0x0000001c45900000,0x0000001c45a00000) (1024K)]
  0x00000200631f9c80 JavaThread "Thread-7"                   daemon [_thread_in_native, id=15912, stack(0x0000001c45a00000,0x0000001c45b00000) (1024K)]
  0x00000200631fb030 JavaThread "Thread-8"                   daemon [_thread_in_native, id=20932, stack(0x0000001c45b00000,0x0000001c45c00000) (1024K)]
  0x00000200665acea0 JavaThread "Thread-9"                   daemon [_thread_in_native, id=17720, stack(0x0000001c45c00000,0x0000001c45d00000) (1024K)]
  0x00000200665ad530 JavaThread "Thread-10"                  daemon [_thread_in_native, id=21260, stack(0x0000001c45d00000,0x0000001c45e00000) (1024K)]
  0x00000200665adbc0 JavaThread "Thread-11"                  daemon [_thread_in_native, id=20756, stack(0x0000001c45e00000,0x0000001c45f00000) (1024K)]
  0x00000200665abaf0 JavaThread "Thread-12"                  daemon [_thread_in_native, id=20536, stack(0x0000001c45f00000,0x0000001c46000000) (1024K)]
  0x00000200665ae250 JavaThread "Thread-13"                  daemon [_thread_in_native, id=21732, stack(0x0000001c46000000,0x0000001c46100000) (1024K)]
  0x00000200665ac810 JavaThread "pool-2-thread-1"                   [_thread_blocked, id=2200, stack(0x0000001c46100000,0x0000001c46200000) (1024K)]
  0x00000200665ac180 JavaThread "WorkspaceEventsHandler"            [_thread_blocked, id=23484, stack(0x0000001c46200000,0x0000001c46300000) (1024K)]
  0x00000200665ae8e0 JavaThread "pool-1-thread-1"                   [_thread_blocked, id=21804, stack(0x0000001c46300000,0x0000001c46400000) (1024K)]
  0x00000200665b0320 JavaThread "ForkJoinPool.commonPool-worker-1" daemon [_thread_in_native, id=3368, stack(0x0000001c46500000,0x0000001c46600000) (1024K)]
  0x00000200665afc90 JavaThread "ForkJoinPool.commonPool-worker-2" daemon [_thread_in_Java, id=17584, stack(0x0000001c46700000,0x0000001c46800000) (1024K)]
  0x00000200665af600 JavaThread "ForkJoinPool.commonPool-worker-3" daemon [_thread_in_vm, id=22308, stack(0x0000001c46800000,0x0000001c46900000) (1024K)]
  0x00000200665b16d0 JavaThread "ForkJoinPool.commonPool-worker-4" daemon [_thread_blocked, id=20820, stack(0x0000001c46900000,0x0000001c46a00000) (1024K)]
  0x00000200665b23f0 JavaThread "ForkJoinPool.commonPool-worker-5" daemon [_thread_in_native, id=23084, stack(0x0000001c46a00000,0x0000001c46b00000) (1024K)]
  0x00000200665b1d60 JavaThread "Compiler Source File Reader" daemon [_thread_blocked, id=3528, stack(0x0000001c46b00000,0x0000001c46c00000) (1024K)]
  0x00000200665b2a80 JavaThread "Compiler Source File Reader" daemon [_thread_blocked, id=20732, stack(0x0000001c46c00000,0x0000001c46d00000) (1024K)]
  0x00000200636136e0 JavaThread "Compiler Source File Reader" daemon [_thread_blocked, id=19892, stack(0x0000001c46d00000,0x0000001c46e00000) (1024K)]
  0x00000200636171f0 JavaThread "Compiler Source File Reader" daemon [_thread_blocked, id=22652, stack(0x0000001c46e00000,0x0000001c46f00000) (1024K)]
  0x0000020063615120 JavaThread "Compiler Source File Reader" daemon [_thread_blocked, id=21820, stack(0x0000001c46f00000,0x0000001c47000000) (1024K)]
  0x0000020063613d70 JavaThread "Compiler Processing Task"   daemon [_thread_blocked, id=11408, stack(0x0000001c46600000,0x0000001c46700000) (1024K)]
  0x00000200636164d0 JavaThread "Compiler Class File Writer" daemon [_thread_blocked, id=3512, stack(0x0000001c47100000,0x0000001c47200000) (1024K)]
  0x00000200636157b0 JavaThread "Compiler Class File Writer" daemon [_thread_blocked, id=23416, stack(0x0000001c47200000,0x0000001c47300000) (1024K)]
  0x0000020063615e40 JavaThread "Compiler Class File Writer" daemon [_thread_blocked, id=7272, stack(0x0000001c47300000,0x0000001c47400000) (1024K)]
  0x0000020063616b60 JavaThread "Compiler Class File Writer" daemon [_thread_blocked, id=10260, stack(0x0000001c47400000,0x0000001c47500000) (1024K)]
  0x0000020063617880 JavaThread "Compiler Class File Writer" daemon [_thread_blocked, id=22728, stack(0x0000001c47500000,0x0000001c47600000) (1024K)]
  0x0000020063619950 JavaThread "LocalFile Deleter"          daemon [_thread_blocked, id=22144, stack(0x0000001c47000000,0x0000001c47100000) (1024K)]
  0x000002006361ad00 JavaThread "LocalFile Deleter"          daemon [_thread_blocked, id=23204, stack(0x0000001c47600000,0x0000001c47700000) (1024K)]
  0x0000020063617f10 JavaThread "LocalFile Deleter"          daemon [_thread_blocked, id=18404, stack(0x0000001c47700000,0x0000001c47800000) (1024K)]
  0x000002006361a670 JavaThread "LocalFile Deleter"          daemon [_thread_blocked, id=16908, stack(0x0000001c47800000,0x0000001c47900000) (1024K)]
  0x0000020063618c30 JavaThread "LocalFile Deleter"          daemon [_thread_blocked, id=22444, stack(0x0000001c47900000,0x0000001c47a00000) (1024K)]
  0x00000200636192c0 JavaThread "LocalFile Deleter"          daemon [_thread_blocked, id=7856, stack(0x0000001c47a00000,0x0000001c47b00000) (1024K)]
  0x0000020063619fe0 JavaThread "LocalFile Deleter"          daemon [_thread_blocked, id=5824, stack(0x0000001c47b00000,0x0000001c47c00000) (1024K)]
  0x00000200636185a0 JavaThread "LocalFile Deleter"          daemon [_thread_blocked, id=19000, stack(0x0000001c47c00000,0x0000001c47d00000) (1024K)]
  0x00000200665ab460 JavaThread "LocalFile Deleter"          daemon [_thread_blocked, id=18248, stack(0x0000001c47d00000,0x0000001c47e00000) (1024K)]
  0x000002006416f460 JavaThread "Compiler Source File Reader" daemon [_thread_blocked, id=21932, stack(0x0000001c47e00000,0x0000001c47f00000) (1024K)]
  0x000002006416e0b0 JavaThread "Compiler Source File Reader" daemon [_thread_blocked, id=13820, stack(0x0000001c47f00000,0x0000001c48000000) (1024K)]
  0x000002006416c670 JavaThread "Compiler Source File Reader" daemon [_thread_blocked, id=22068, stack(0x0000001c48000000,0x0000001c48100000) (1024K)]
  0x000002006416bfe0 JavaThread "Compiler Source File Reader" daemon [_thread_blocked, id=21892, stack(0x0000001c48100000,0x0000001c48200000) (1024K)]
  0x000002006416edd0 JavaThread "Compiler Source File Reader" daemon [_thread_blocked, id=6648, stack(0x0000001c48200000,0x0000001c48300000) (1024K)]
  0x000002006416da20 JavaThread "Compiler Class File Writer" daemon [_thread_blocked, id=21288, stack(0x0000001c48300000,0x0000001c48400000) (1024K)]
  0x000002006416e740 JavaThread "Compiler Class File Writer" daemon [_thread_blocked, id=22864, stack(0x0000001c48400000,0x0000001c48500000) (1024K)]
  0x000002006416faf0 JavaThread "Compiler Class File Writer" daemon [_thread_blocked, id=16848, stack(0x0000001c48500000,0x0000001c48600000) (1024K)]
  0x0000020064170180 JavaThread "Compiler Class File Writer" daemon [_thread_blocked, id=9500, stack(0x0000001c48600000,0x0000001c48700000) (1024K)]
  0x000002006416cd00 JavaThread "Compiler Class File Writer" daemon [_thread_blocked, id=21564, stack(0x0000001c48700000,0x0000001c48800000) (1024K)]
  0x0000020064170810 JavaThread "ForkJoinPool.commonPool-worker-6" daemon [_thread_blocked, id=20944, stack(0x0000001c48800000,0x0000001c48900000) (1024K)]
  0x000002006416d390 JavaThread "ForkJoinPool.commonPool-worker-7" daemon [_thread_in_native, id=12992, stack(0x0000001c48900000,0x0000001c48a00000) (1024K)]
  0x0000020064171530 JavaThread "ForkJoinPool.commonPool-worker-8" daemon [_thread_blocked, id=14272, stack(0x0000001c48a00000,0x0000001c48b00000) (1024K)]
  0x0000020064171bc0 JavaThread "ForkJoinPool.commonPool-worker-9" daemon [_thread_in_Java, id=18004, stack(0x0000001c48b00000,0x0000001c48c00000) (1024K)]
  0x0000020064172250 JavaThread "ForkJoinPool.commonPool-worker-10" daemon [_thread_in_native, id=19788, stack(0x0000001c48c00000,0x0000001c48d00000) (1024K)]
  0x00000200641728e0 JavaThread "ForkJoinPool.commonPool-worker-11" daemon [_thread_in_native, id=5020, stack(0x0000001c48d00000,0x0000001c48e00000) (1024K)]
  0x00000200662f3c30 JavaThread "C2 CompilerThread1"         daemon [_thread_in_native, id=15176, stack(0x0000001c42900000,0x0000001c42a00000) (1024K)]
Total: 84

Other Threads:
  0x000002001adf4580 VMThread "VM Thread"                           [id=2492, stack(0x0000001c42e00000,0x0000001c42f00000) (1024K)]
  0x000002001aceca00 WatcherThread "VM Periodic Task Thread"        [id=20500, stack(0x0000001c42d00000,0x0000001c42e00000) (1024K)]
  0x000002000438ad20 WorkerThread "GC Thread#0"                     [id=5492, stack(0x0000001c42c00000,0x0000001c42d00000) (1024K)]
  0x00000200630e22f0 WorkerThread "GC Thread#1"                     [id=10004, stack(0x0000001c43b00000,0x0000001c43c00000) (1024K)]
  0x00000200630e1470 WorkerThread "GC Thread#2"                     [id=10128, stack(0x0000001c43c00000,0x0000001c43d00000) (1024K)]
  0x00000200630e2690 WorkerThread "GC Thread#3"                     [id=17512, stack(0x0000001c43d00000,0x0000001c43e00000) (1024K)]
  0x00000200630e2a30 WorkerThread "GC Thread#4"                     [id=11456, stack(0x0000001c43e00000,0x0000001c43f00000) (1024K)]
  0x00000200630e1bb0 WorkerThread "GC Thread#5"                     [id=5300, stack(0x0000001c43f00000,0x0000001c44000000) (1024K)]
  0x00000200630e2dd0 WorkerThread "GC Thread#6"                     [id=22376, stack(0x0000001c44000000,0x0000001c44100000) (1024K)]
  0x00000200630e1810 WorkerThread "GC Thread#7"                     [id=15720, stack(0x0000001c44200000,0x0000001c44300000) (1024K)]
  0x0000020063319160 WorkerThread "GC Thread#8"                     [id=20700, stack(0x0000001c44500000,0x0000001c44600000) (1024K)]
  0x0000020063318a20 WorkerThread "GC Thread#9"                     [id=20828, stack(0x0000001c44600000,0x0000001c44700000) (1024K)]
Total: 12

Threads with active compile tasks:
C2 CompilerThread0  62281 13150 %     4       org.lombokweb.asm.ClassReader::readCode @ 2187 (5117 bytes)
C1 CompilerThread0  62281 13279  s!   2       org.eclipse.jdt.internal.core.index.DiskIndex::readCategoryTable (743 bytes)
C2 CompilerThread1  62281 13114 %     4       org.lombokweb.asm.SymbolTable::<init> @ 98 (554 bytes)
Total: 3

VM state: not at safepoint (normal execution)

VM Mutex/Monitor currently owned by a thread: None

Heap address: 0x0000000080000000, size: 2048 MB, Compressed Oops mode: 32-bit

CDS archive(s) mapped at: [0x000002001b000000-0x000002001bba0000-0x000002001bba0000), size 12189696, SharedBaseAddress: 0x000002001b000000, ArchiveRelocationMode: 1.
Compressed class space mapped at: 0x000002001c000000-0x000002005c000000, reserved size: 1073741824
Narrow klass base: 0x000002001b000000, Narrow klass shift: 0, Narrow klass range: 0x100000000

GC Precious Log:
 CardTable entry size: 512
 CPUs: 12 total, 12 available
 Memory: 7518M
 Large Page Support: Disabled
 NUMA Support: Disabled
 Compressed Oops: Enabled (32-bit)
 Alignments: Space 512K, Generation 512K, Heap 2M
 Heap Min Capacity: 100M
 Heap Initial Capacity: 100M
 Heap Max Capacity: 2G
 Pre-touch: Disabled
 Parallel Workers: 10

Heap:
 PSYoungGen      total 6144K, used 2432K [0x00000000d5580000, 0x00000000d5c80000, 0x0000000100000000)
  eden space 5120K, 28% used [0x00000000d5580000,0x00000000d56e8820,0x00000000d5a80000)
  from space 1024K, 99% used [0x00000000d5b80000,0x00000000d5c7da30,0x00000000d5c80000)
  to   space 1024K, 0% used [0x00000000d5a80000,0x00000000d5a80000,0x00000000d5b80000)
 ParOldGen       total 819712K, used 819650K [0x0000000080000000, 0x00000000b2080000, 0x00000000d5580000)
  object space 819712K, 99% used [0x0000000080000000,0x00000000b2070b20,0x00000000b2080000)
 Metaspace       used 73513K, committed 75008K, reserved 1179648K
  class space    used 7903K, committed 8512K, reserved 1048576K

Card table byte_map: [0x0000020003d20000,0x0000020004130000] _byte_map_base: 0x0000020003920000

Marking Bits: (ParMarkBitMap*) 0x00007fff756da340
 Begin Bits: [0x0000020016810000, 0x0000020018810000)
 End Bits:   [0x0000020018810000, 0x000002001a810000)

Polling page: 0x0000020003b00000

Metaspace:

Usage:
  Non-class:     64.07 MB used.
      Class:      7.72 MB used.
       Both:     71.79 MB used.

Virtual space:
  Non-class space:      128.00 MB reserved,      64.94 MB ( 51%) committed,  2 nodes.
      Class space:        1.00 GB reserved,       8.31 MB ( <1%) committed,  1 nodes.
             Both:        1.12 GB reserved,      73.25 MB (  6%) committed. 

Chunk freelists:
   Non-Class:  14.89 MB
       Class:  7.50 MB
        Both:  22.39 MB

MaxMetaspaceSize: unlimited
CompressedClassSpaceSize: 1.00 GB
Initial GC threshold: 21.00 MB
Current GC threshold: 97.31 MB
CDS: on
 - commit_granule_bytes: 65536.
 - commit_granule_words: 8192.
 - virtual_space_node_default_size: 8388608.
 - enlarge_chunks_in_place: 1.
 - use_allocation_guard: 0.


Internal statistics:

num_allocs_failed_limit: 9.
num_arena_births: 1292.
num_arena_deaths: 52.
num_vsnodes_births: 3.
num_vsnodes_deaths: 0.
num_space_committed: 1172.
num_space_uncommitted: 0.
num_chunks_returned_to_freelist: 70.
num_chunks_taken_from_freelist: 4597.
num_chunk_merges: 20.
num_chunk_splits: 2802.
num_chunks_enlarged: 1610.
num_inconsistent_stats: 0.

CodeHeap 'non-profiled nmethods': size=120000Kb used=9983Kb max_used=9983Kb free=110017Kb
 bounds [0x000002000f030000, 0x000002000f9f0000, 0x0000020016560000]
CodeHeap 'profiled nmethods': size=120000Kb used=27656Kb max_used=27656Kb free=92344Kb
 bounds [0x0000020007560000, 0x0000020009070000, 0x000002000ea90000]
CodeHeap 'non-nmethods': size=5760Kb used=1493Kb max_used=1583Kb free=4267Kb
 bounds [0x000002000ea90000, 0x000002000ed00000, 0x000002000f030000]
CodeCache: size=245760Kb, used=39132Kb, max_used=39222Kb, free=206628Kb
 total_blobs=13360, nmethods=12542, adapters=723, full_count=0
Compilation: enabled, stopped_count=0, restarted_count=0

Compilation events (20 events):
Event: 62.192 Thread 0x000002005d25e0e0 13232       2       org.eclipse.jdt.internal.compiler.lookup.AnnotatableTypeSystem::getArrayType (250 bytes)
Event: 62.194 Thread 0x000002005d25e0e0 nmethod 13232 0x0000020009039f90 code [0x000002000903a240, 0x000002000903ac20]
Event: 62.194 Thread 0x000002005d25e0e0 13233       2       org.eclipse.jdt.internal.compiler.util.HashtableOfType::getput (126 bytes)
Event: 62.195 Thread 0x000002005d25e0e0 nmethod 13233 0x000002000903b210 code [0x000002000903b400, 0x000002000903b918]
Event: 62.195 Thread 0x000002005d25e0e0 13231       2       org.eclipse.jdt.internal.compiler.lookup.BinaryTypeBinding::createAnnotation (176 bytes)
Event: 62.196 Thread 0x000002005d25e0e0 nmethod 13231 0x000002000903bc90 code [0x000002000903bf00, 0x000002000903c738]
Event: 62.196 Thread 0x000002005d25e0e0 13236       2       org.eclipse.jdt.internal.compiler.classfmt.NonNullDefaultAwareTypeAnnotationWalker::toNextDetail (26 bytes)
Event: 62.196 Thread 0x000002005d25e0e0 nmethod 13236 0x000002000903cc90 code [0x000002000903ce40, 0x000002000903cfc0]
Event: 62.196 Thread 0x000002005d25e0e0 13234       2       org.eclipse.jdt.internal.compiler.lookup.UnresolvedReferenceBinding::addWrapper (77 bytes)
Event: 62.197 Thread 0x000002005d25e0e0 nmethod 13234 0x000002000903d090 code [0x000002000903d280, 0x000002000903d780]
Event: 62.197 Thread 0x000002005d25e0e0 13230       2       org.eclipse.jdt.internal.compiler.lookup.BinaryTypeBinding$1::createBinding (8 bytes)
Event: 62.197 Thread 0x000002005d25e0e0 nmethod 13230 0x000002000903d990 code [0x000002000903db40, 0x000002000903dc68]
Event: 62.197 Thread 0x000002005d25e0e0 13235       1       org.eclipse.jdt.core.WorkingCopyOwner::findSource (2 bytes)
Event: 62.197 Thread 0x000002005d25e0e0 nmethod 13235 0x000002000f9ee710 code [0x000002000f9ee8a0, 0x000002000f9ee970]
Event: 62.198 Thread 0x000002005d25e0e0 13237       2       org.eclipse.jdt.internal.compiler.lookup.PackageBinding::getTypeOrPackage (368 bytes)
Event: 62.200 Thread 0x000002005d25e0e0 nmethod 13237 0x000002000903dd10 code [0x000002000903e020, 0x000002000903f048]
Event: 62.200 Thread 0x000002005d25e0e0 13238       2       org.eclipse.jdt.core.compiler.CharOperation::equals (9 bytes)
Event: 62.200 Thread 0x000002005d25e0e0 nmethod 13238 0x000002000903f610 code [0x000002000903f7c0, 0x000002000903f8c8]
Event: 62.201 Thread 0x000002005d25e0e0 13239       2       org.eclipse.jdt.internal.compiler.lookup.PackageBinding::checkIfAnalysisAnnotationType (193 bytes)
Event: 62.207 Thread 0x000002005d25e0e0 nmethod 13239 0x000002000903f990 code [0x000002000903fba0, 0x0000020009040038]

GC Heap History (20 events):
Event: 61.876 GC heap before
{Heap before GC invocations=1020 (full 3):
 PSYoungGen      total 4608K, used 4536K [0x00000000d5580000, 0x00000000d5c80000, 0x0000000100000000)
  eden space 3584K, 98% used [0x00000000d5580000,0x00000000d58f55e8,0x00000000d5900000)
  from space 1024K, 97% used [0x00000000d5a80000,0x00000000d5b78bd0,0x00000000d5b80000)
  to   space 1536K, 0% used [0x00000000d5900000,0x00000000d5900000,0x00000000d5a80000)
 ParOldGen       total 817152K, used 816742K [0x0000000080000000, 0x00000000b1e00000, 0x00000000d5580000)
  object space 817152K, 99% used [0x0000000080000000,0x00000000b1d99858,0x00000000b1e00000)
 Metaspace       used 71057K, committed 72512K, reserved 1114112K
  class space    used 7663K, committed 8256K, reserved 1048576K
}
Event: 61.879 GC heap after
{Heap after GC invocations=1020 (full 3):
 PSYoungGen      total 5120K, used 331K [0x00000000d5580000, 0x00000000d5c00000, 0x0000000100000000)
  eden space 3584K, 0% used [0x00000000d5580000,0x00000000d5580000,0x00000000d5900000)
  from space 1536K, 21% used [0x00000000d5900000,0x00000000d5952e18,0x00000000d5a80000)
  to   space 1024K, 0% used [0x00000000d5b00000,0x00000000d5b00000,0x00000000d5c00000)
 ParOldGen       total 817664K, used 817599K [0x0000000080000000, 0x00000000b1e80000, 0x00000000d5580000)
  object space 817664K, 99% used [0x0000000080000000,0x00000000b1e6fd28,0x00000000b1e80000)
 Metaspace       used 71057K, committed 72512K, reserved 1114112K
  class space    used 7663K, committed 8256K, reserved 1048576K
}
Event: 61.904 GC heap before
{Heap before GC invocations=1021 (full 3):
 PSYoungGen      total 5120K, used 3915K [0x00000000d5580000, 0x00000000d5c00000, 0x0000000100000000)
  eden space 3584K, 100% used [0x00000000d5580000,0x00000000d5900000,0x00000000d5900000)
  from space 1536K, 21% used [0x00000000d5900000,0x00000000d5952e18,0x00000000d5a80000)
  to   space 1024K, 0% used [0x00000000d5b00000,0x00000000d5b00000,0x00000000d5c00000)
 ParOldGen       total 817664K, used 817599K [0x0000000080000000, 0x00000000b1e80000, 0x00000000d5580000)
  object space 817664K, 99% used [0x0000000080000000,0x00000000b1e6fd28,0x00000000b1e80000)
 Metaspace       used 71066K, committed 72512K, reserved 1114112K
  class space    used 7663K, committed 8256K, reserved 1048576K
}
Event: 61.907 GC heap after
{Heap after GC invocations=1021 (full 3):
 PSYoungGen      total 5120K, used 1001K [0x00000000d5580000, 0x00000000d5d00000, 0x0000000100000000)
  eden space 4096K, 0% used [0x00000000d5580000,0x00000000d5580000,0x00000000d5980000)
  from space 1024K, 97% used [0x00000000d5b00000,0x00000000d5bfa620,0x00000000d5c00000)
  to   space 1536K, 0% used [0x00000000d5980000,0x00000000d5980000,0x00000000d5b00000)
 ParOldGen       total 817664K, used 817607K [0x0000000080000000, 0x00000000b1e80000, 0x00000000d5580000)
  object space 817664K, 99% used [0x0000000080000000,0x00000000b1e71d28,0x00000000b1e80000)
 Metaspace       used 71066K, committed 72512K, reserved 1114112K
  class space    used 7663K, committed 8256K, reserved 1048576K
}
Event: 61.941 GC heap before
{Heap before GC invocations=1022 (full 3):
 PSYoungGen      total 5120K, used 4937K [0x00000000d5580000, 0x00000000d5d00000, 0x0000000100000000)
  eden space 4096K, 96% used [0x00000000d5580000,0x00000000d5957f38,0x00000000d5980000)
  from space 1024K, 97% used [0x00000000d5b00000,0x00000000d5bfa620,0x00000000d5c00000)
  to   space 1536K, 0% used [0x00000000d5980000,0x00000000d5980000,0x00000000d5b00000)
 ParOldGen       total 817664K, used 817607K [0x0000000080000000, 0x00000000b1e80000, 0x00000000d5580000)
  object space 817664K, 99% used [0x0000000080000000,0x00000000b1e71d28,0x00000000b1e80000)
 Metaspace       used 71072K, committed 72512K, reserved 1114112K
  class space    used 7663K, committed 8256K, reserved 1048576K
}
Event: 61.945 GC heap after
{Heap after GC invocations=1022 (full 3):
 PSYoungGen      total 5632K, used 1381K [0x00000000d5580000, 0x00000000d5c80000, 0x0000000100000000)
  eden space 4096K, 0% used [0x00000000d5580000,0x00000000d5580000,0x00000000d5980000)
  from space 1536K, 89% used [0x00000000d5980000,0x00000000d5ad9538,0x00000000d5b00000)
  to   space 1536K, 0% used [0x00000000d5b00000,0x00000000d5b00000,0x00000000d5c80000)
 ParOldGen       total 817664K, used 817647K [0x0000000080000000, 0x00000000b1e80000, 0x00000000d5580000)
  object space 817664K, 99% used [0x0000000080000000,0x00000000b1e7bd28,0x00000000b1e80000)
 Metaspace       used 71072K, committed 72512K, reserved 1114112K
  class space    used 7663K, committed 8256K, reserved 1048576K
}
Event: 61.952 GC heap before
{Heap before GC invocations=1023 (full 3):
 PSYoungGen      total 5632K, used 5477K [0x00000000d5580000, 0x00000000d5c80000, 0x0000000100000000)
  eden space 4096K, 100% used [0x00000000d5580000,0x00000000d5980000,0x00000000d5980000)
  from space 1536K, 89% used [0x00000000d5980000,0x00000000d5ad9538,0x00000000d5b00000)
  to   space 1536K, 0% used [0x00000000d5b00000,0x00000000d5b00000,0x00000000d5c80000)
 ParOldGen       total 817664K, used 817647K [0x0000000080000000, 0x00000000b1e80000, 0x00000000d5580000)
  object space 817664K, 99% used [0x0000000080000000,0x00000000b1e7bd28,0x00000000b1e80000)
 Metaspace       used 71073K, committed 72512K, reserved 1114112K
  class space    used 7663K, committed 8256K, reserved 1048576K
}
Event: 61.956 GC heap after
{Heap after GC invocations=1023 (full 3):
 PSYoungGen      total 5632K, used 1136K [0x00000000d5580000, 0x00000000d5d80000, 0x0000000100000000)
  eden space 4096K, 0% used [0x00000000d5580000,0x00000000d5580000,0x00000000d5980000)
  from space 1536K, 74% used [0x00000000d5b00000,0x00000000d5c1c3f0,0x00000000d5c80000)
  to   space 1536K, 0% used [0x00000000d5980000,0x00000000d5980000,0x00000000d5b00000)
 ParOldGen       total 818176K, used 817671K [0x0000000080000000, 0x00000000b1f00000, 0x00000000d5580000)
  object space 818176K, 99% used [0x0000000080000000,0x00000000b1e81d28,0x00000000b1f00000)
 Metaspace       used 71073K, committed 72512K, reserved 1114112K
  class space    used 7663K, committed 8256K, reserved 1048576K
}
Event: 61.965 GC heap before
{Heap before GC invocations=1024 (full 3):
 PSYoungGen      total 5632K, used 5232K [0x00000000d5580000, 0x00000000d5d80000, 0x0000000100000000)
  eden space 4096K, 100% used [0x00000000d5580000,0x00000000d5980000,0x00000000d5980000)
  from space 1536K, 74% used [0x00000000d5b00000,0x00000000d5c1c3f0,0x00000000d5c80000)
  to   space 1536K, 0% used [0x00000000d5980000,0x00000000d5980000,0x00000000d5b00000)
 ParOldGen       total 818176K, used 817671K [0x0000000080000000, 0x00000000b1f00000, 0x00000000d5580000)
  object space 818176K, 99% used [0x0000000080000000,0x00000000b1e81d28,0x00000000b1f00000)
 Metaspace       used 71073K, committed 72512K, reserved 1114112K
  class space    used 7663K, committed 8256K, reserved 1048576K
}
Event: 61.968 GC heap after
{Heap after GC invocations=1024 (full 3):
 PSYoungGen      total 5632K, used 1291K [0x00000000d5580000, 0x00000000d5d80000, 0x0000000100000000)
  eden space 4096K, 0% used [0x00000000d5580000,0x00000000d5580000,0x00000000d5980000)
  from space 1536K, 84% used [0x00000000d5980000,0x00000000d5ac2e28,0x00000000d5b00000)
  to   space 1536K, 0% used [0x00000000d5c00000,0x00000000d5c00000,0x00000000d5d80000)
 ParOldGen       total 818176K, used 817671K [0x0000000080000000, 0x00000000b1f00000, 0x00000000d5580000)
  object space 818176K, 99% used [0x0000000080000000,0x00000000b1e81d28,0x00000000b1f00000)
 Metaspace       used 71073K, committed 72512K, reserved 1114112K
  class space    used 7663K, committed 8256K, reserved 1048576K
}
Event: 61.976 GC heap before
{Heap before GC invocations=1025 (full 3):
 PSYoungGen      total 5632K, used 5339K [0x00000000d5580000, 0x00000000d5d80000, 0x0000000100000000)
  eden space 4096K, 98% used [0x00000000d5580000,0x00000000d59741c8,0x00000000d5980000)
  from space 1536K, 84% used [0x00000000d5980000,0x00000000d5ac2e28,0x00000000d5b00000)
  to   space 1536K, 0% used [0x00000000d5c00000,0x00000000d5c00000,0x00000000d5d80000)
 ParOldGen       total 818176K, used 817671K [0x0000000080000000, 0x00000000b1f00000, 0x00000000d5580000)
  object space 818176K, 99% used [0x0000000080000000,0x00000000b1e81d28,0x00000000b1f00000)
 Metaspace       used 71076K, committed 72512K, reserved 1114112K
  class space    used 7663K, committed 8256K, reserved 1048576K
}
Event: 61.979 GC heap after
{Heap after GC invocations=1025 (full 3):
 PSYoungGen      total 6144K, used 674K [0x00000000d5580000, 0x00000000d5d00000, 0x0000000100000000)
  eden space 5120K, 0% used [0x00000000d5580000,0x00000000d5580000,0x00000000d5a80000)
  from space 1024K, 65% used [0x00000000d5c00000,0x00000000d5ca8af8,0x00000000d5d00000)
  to   space 1024K, 0% used [0x00000000d5b00000,0x00000000d5b00000,0x00000000d5c00000)
 ParOldGen       total 818176K, used 817671K [0x0000000080000000, 0x00000000b1f00000, 0x00000000d5580000)
  object space 818176K, 99% used [0x0000000080000000,0x00000000b1e81d28,0x00000000b1f00000)
 Metaspace       used 71076K, committed 72512K, reserved 1114112K
  class space    used 7663K, committed 8256K, reserved 1048576K
}
Event: 62.013 GC heap before
{Heap before GC invocations=1026 (full 3):
 PSYoungGen      total 6144K, used 5794K [0x00000000d5580000, 0x00000000d5d00000, 0x0000000100000000)
  eden space 5120K, 100% used [0x00000000d5580000,0x00000000d5a80000,0x00000000d5a80000)
  from space 1024K, 65% used [0x00000000d5c00000,0x00000000d5ca8af8,0x00000000d5d00000)
  to   space 1024K, 0% used [0x00000000d5b00000,0x00000000d5b00000,0x00000000d5c00000)
 ParOldGen       total 818176K, used 817671K [0x0000000080000000, 0x00000000b1f00000, 0x00000000d5580000)
  object space 818176K, 99% used [0x0000000080000000,0x00000000b1e81d28,0x00000000b1f00000)
 Metaspace       used 71322K, committed 72832K, reserved 1114112K
  class space    used 7678K, committed 8320K, reserved 1048576K
}
Event: 62.016 GC heap after
{Heap after GC invocations=1026 (full 3):
 PSYoungGen      total 6144K, used 256K [0x00000000d5580000, 0x00000000d5c80000, 0x0000000100000000)
  eden space 5120K, 0% used [0x00000000d5580000,0x00000000d5580000,0x00000000d5a80000)
  from space 1024K, 25% used [0x00000000d5b00000,0x00000000d5b40000,0x00000000d5c00000)
  to   space 512K, 0% used [0x00000000d5c00000,0x00000000d5c00000,0x00000000d5c80000)
 ParOldGen       total 818176K, used 817671K [0x0000000080000000, 0x00000000b1f00000, 0x00000000d5580000)
  object space 818176K, 99% used [0x0000000080000000,0x00000000b1e81d28,0x00000000b1f00000)
 Metaspace       used 71322K, committed 72832K, reserved 1114112K
  class space    used 7678K, committed 8320K, reserved 1048576K
}
Event: 62.115 GC heap before
{Heap before GC invocations=1027 (full 3):
 PSYoungGen      total 6144K, used 5376K [0x00000000d5580000, 0x00000000d5c80000, 0x0000000100000000)
  eden space 5120K, 100% used [0x00000000d5580000,0x00000000d5a80000,0x00000000d5a80000)
  from space 1024K, 25% used [0x00000000d5b00000,0x00000000d5b40000,0x00000000d5c00000)
  to   space 512K, 0% used [0x00000000d5c00000,0x00000000d5c00000,0x00000000d5c80000)
 ParOldGen       total 818176K, used 817671K [0x0000000080000000, 0x00000000b1f00000, 0x00000000d5580000)
  object space 818176K, 99% used [0x0000000080000000,0x00000000b1e81d28,0x00000000b1f00000)
 Metaspace       used 72255K, committed 73728K, reserved 1114112K
  class space    used 7764K, committed 8384K, reserved 1048576K
}
Event: 62.118 GC heap after
{Heap after GC invocations=1027 (full 3):
 PSYoungGen      total 5632K, used 288K [0x00000000d5580000, 0x00000000d5c80000, 0x0000000100000000)
  eden space 5120K, 0% used [0x00000000d5580000,0x00000000d5580000,0x00000000d5a80000)
  from space 512K, 56% used [0x00000000d5c00000,0x00000000d5c48000,0x00000000d5c80000)
  to   space 512K, 0% used [0x00000000d5b80000,0x00000000d5b80000,0x00000000d5c00000)
 ParOldGen       total 818176K, used 817703K [0x0000000080000000, 0x00000000b1f00000, 0x00000000d5580000)
  object space 818176K, 99% used [0x0000000080000000,0x00000000b1e89d28,0x00000000b1f00000)
 Metaspace       used 72255K, committed 73728K, reserved 1114112K
  class space    used 7764K, committed 8384K, reserved 1048576K
}
Event: 62.168 GC heap before
{Heap before GC invocations=1028 (full 3):
 PSYoungGen      total 5632K, used 5406K [0x00000000d5580000, 0x00000000d5c80000, 0x0000000100000000)
  eden space 5120K, 99% used [0x00000000d5580000,0x00000000d5a7fb20,0x00000000d5a80000)
  from space 512K, 56% used [0x00000000d5c00000,0x00000000d5c48000,0x00000000d5c80000)
  to   space 512K, 0% used [0x00000000d5b80000,0x00000000d5b80000,0x00000000d5c00000)
 ParOldGen       total 818176K, used 817703K [0x0000000080000000, 0x00000000b1f00000, 0x00000000d5580000)
  object space 818176K, 99% used [0x0000000080000000,0x00000000b1e89d28,0x00000000b1f00000)
 Metaspace       used 72796K, committed 74304K, reserved 1179648K
  class space    used 7820K, committed 8448K, reserved 1048576K
}
Event: 62.172 GC heap after
{Heap after GC invocations=1028 (full 3):
 PSYoungGen      total 5632K, used 506K [0x00000000d5580000, 0x00000000d5c80000, 0x0000000100000000)
  eden space 5120K, 0% used [0x00000000d5580000,0x00000000d5580000,0x00000000d5a80000)
  from space 512K, 98% used [0x00000000d5b80000,0x00000000d5bfe900,0x00000000d5c00000)
  to   space 512K, 0% used [0x00000000d5c00000,0x00000000d5c00000,0x00000000d5c80000)
 ParOldGen       total 818176K, used 817915K [0x0000000080000000, 0x00000000b1f00000, 0x00000000d5580000)
  object space 818176K, 99% used [0x0000000080000000,0x00000000b1ebefb0,0x00000000b1f00000)
 Metaspace       used 72796K, committed 74304K, reserved 1179648K
  class space    used 7820K, committed 8448K, reserved 1048576K
}
Event: 62.203 GC heap before
{Heap before GC invocations=1029 (full 3):
 PSYoungGen      total 5632K, used 5626K [0x00000000d5580000, 0x00000000d5c80000, 0x0000000100000000)
  eden space 5120K, 100% used [0x00000000d5580000,0x00000000d5a80000,0x00000000d5a80000)
  from space 512K, 98% used [0x00000000d5b80000,0x00000000d5bfe900,0x00000000d5c00000)
  to   space 512K, 0% used [0x00000000d5c00000,0x00000000d5c00000,0x00000000d5c80000)
 ParOldGen       total 818176K, used 817915K [0x0000000080000000, 0x00000000b1f00000, 0x00000000d5580000)
  object space 818176K, 99% used [0x0000000080000000,0x00000000b1ebefb0,0x00000000b1f00000)
 Metaspace       used 73078K, committed 74560K, reserved 1179648K
  class space    used 7841K, committed 8448K, reserved 1048576K
}
Event: 62.206 GC heap after
{Heap after GC invocations=1029 (full 3):
 PSYoungGen      total 5632K, used 436K [0x00000000d5580000, 0x00000000d5c80000, 0x0000000100000000)
  eden space 5120K, 0% used [0x00000000d5580000,0x00000000d5580000,0x00000000d5a80000)
  from space 512K, 85% used [0x00000000d5c00000,0x00000000d5c6d200,0x00000000d5c80000)
  to   space 1024K, 0% used [0x00000000d5a80000,0x00000000d5a80000,0x00000000d5b80000)
 ParOldGen       total 818688K, used 818385K [0x0000000080000000, 0x00000000b1f80000, 0x00000000d5580000)
  object space 818688K, 99% used [0x0000000080000000,0x00000000b1f34648,0x00000000b1f80000)
 Metaspace       used 73078K, committed 74560K, reserved 1179648K
  class space    used 7841K, committed 8448K, reserved 1048576K
}

Dll operation events (14 events):
Event: 0.014 Loaded shared library c:\Users\krish\.vscode\extensions\redhat.java-1.46.0-win32-x64\jre\21.0.8-win32-x86_64\bin\java.dll
Event: 0.111 Loaded shared library c:\Users\krish\.vscode\extensions\redhat.java-1.46.0-win32-x64\jre\21.0.8-win32-x86_64\bin\zip.dll
Event: 0.149 Loaded shared library C:\Users\krish\.vscode\extensions\redhat.java-1.46.0-win32-x64\jre\21.0.8-win32-x86_64\bin\instrument.dll
Event: 0.157 Loaded shared library C:\Users\krish\.vscode\extensions\redhat.java-1.46.0-win32-x64\jre\21.0.8-win32-x86_64\bin\net.dll
Event: 0.160 Loaded shared library C:\Users\krish\.vscode\extensions\redhat.java-1.46.0-win32-x64\jre\21.0.8-win32-x86_64\bin\nio.dll
Event: 0.166 Loaded shared library C:\Users\krish\.vscode\extensions\redhat.java-1.46.0-win32-x64\jre\21.0.8-win32-x86_64\bin\zip.dll
Event: 0.193 Loaded shared library C:\Users\krish\.vscode\extensions\redhat.java-1.46.0-win32-x64\jre\21.0.8-win32-x86_64\bin\jimage.dll
Event: 0.311 Loaded shared library c:\Users\krish\.vscode\extensions\redhat.java-1.46.0-win32-x64\jre\21.0.8-win32-x86_64\bin\verify.dll
Event: 2.342 Loaded shared library C:\Users\krish\AppData\Roaming\Code\User\globalStorage\redhat.java\1.46.0\config_win\org.eclipse.equinox.launcher\org.eclipse.equinox.launcher.win32.win32.x86_64_1.2.1400.v20250801-0854\eclipse_11916.dll
Event: 4.393 Loaded shared library C:\Users\krish\.vscode\extensions\redhat.java-1.46.0-win32-x64\jre\21.0.8-win32-x86_64\bin\management.dll
Event: 4.404 Loaded shared library C:\Users\krish\.vscode\extensions\redhat.java-1.46.0-win32-x64\jre\21.0.8-win32-x86_64\bin\management_ext.dll
Event: 7.091 Loaded shared library C:\Users\krish\AppData\Local\Temp\jna-102317495\jna14590430540008797153.dll
Event: 7.680 Loaded shared library C:\Users\krish\.vscode\extensions\redhat.java-1.46.0-win32-x64\jre\21.0.8-win32-x86_64\bin\sunmscapi.dll
Event: 8.336 Loaded shared library C:\Users\krish\.vscode\extensions\redhat.java-1.46.0-win32-x64\jre\21.0.8-win32-x86_64\bin\extnet.dll

Deoptimization events (20 events):
Event: 61.880 Thread 0x0000020064172250 DEOPT PACKING pc=0x000002000f205ba4 sp=0x0000001c48cfbd20
Event: 61.880 Thread 0x0000020064172250 DEOPT UNPACKING pc=0x000002000eae3aa2 sp=0x0000001c48cfbcc8 mode 2
Event: 61.880 Thread 0x0000020064172250 Uncommon trap: trap_request=0xffffffde fr.pc=0x000002000f205ba4 relative=0x00000000000083e4
Event: 61.880 Thread 0x0000020064172250 Uncommon trap: reason=class_check action=maybe_recompile pc=0x000002000f205ba4 method=lombok.patcher.PatchScript$MethodPatcher.visitMethod(ILjava/lang/String;Ljava/lang/String;Ljava/lang/String;[Ljava/lang/String;)Lorg/lombokweb/asm/MethodVisitor; @ 101 c
Event: 61.880 Thread 0x0000020064172250 DEOPT PACKING pc=0x000002000f205ba4 sp=0x0000001c48cfbd20
Event: 61.880 Thread 0x0000020064172250 DEOPT UNPACKING pc=0x000002000eae3aa2 sp=0x0000001c48cfbcc8 mode 2
Event: 61.903 Thread 0x0000020064172250 DEOPT PACKING pc=0x0000020007ca67b3 sp=0x0000001c48cfbe80
Event: 61.903 Thread 0x0000020064172250 DEOPT UNPACKING pc=0x000002000eae4242 sp=0x0000001c48cfb3b0 mode 0
Event: 61.945 Thread 0x0000020064172250 DEOPT PACKING pc=0x0000020007ca67b3 sp=0x0000001c48cfbe80
Event: 61.945 Thread 0x0000020064172250 DEOPT UNPACKING pc=0x000002000eae4242 sp=0x0000001c48cfb3b0 mode 0
Event: 62.146 Thread 0x00000200631f6170 DEOPT PACKING pc=0x0000020008fbc5a2 sp=0x0000001c44afdd90
Event: 62.146 Thread 0x00000200631f6170 DEOPT UNPACKING pc=0x000002000eae4242 sp=0x0000001c44afd308 mode 0
Event: 62.148 Thread 0x00000200631f6170 Uncommon trap: trap_request=0xffffff6e fr.pc=0x000002000f9794c4 relative=0x0000000000000644
Event: 62.148 Thread 0x00000200631f6170 Uncommon trap: reason=loop_limit_check action=maybe_recompile pc=0x000002000f9794c4 method=org.eclipse.jdt.internal.core.util.HashtableOfArrayToObject.hashCode([Ljava/lang/Object;I)I @ 27 c2
Event: 62.149 Thread 0x00000200631f6170 DEOPT PACKING pc=0x000002000f9794c4 sp=0x0000001c44afe810
Event: 62.149 Thread 0x00000200631f6170 DEOPT UNPACKING pc=0x000002000eae3aa2 sp=0x0000001c44afe740 mode 2
Event: 62.167 Thread 0x0000020064172250 Uncommon trap: trap_request=0xffffff45 fr.pc=0x000002000f0f085c relative=0x000000000000019c
Event: 62.167 Thread 0x0000020064172250 Uncommon trap: reason=unstable_if action=reinterpret pc=0x000002000f0f085c method=java.util.concurrent.ConcurrentHashMap.get(Ljava/lang/Object;)Ljava/lang/Object; @ 152 c2
Event: 62.167 Thread 0x0000020064172250 DEOPT PACKING pc=0x000002000f0f085c sp=0x0000001c48cfe2b0
Event: 62.167 Thread 0x0000020064172250 DEOPT UNPACKING pc=0x000002000eae3aa2 sp=0x0000001c48cfe228 mode 2

Classes loaded (20 events):
Event: 28.426 Loading class com/sun/org/apache/xerces/internal/xni/XNIException
Event: 28.426 Loading class com/sun/org/apache/xerces/internal/xni/XNIException done
Event: 28.429 Loading class com/sun/org/apache/xerces/internal/xni/parser/XMLParseException
Event: 28.429 Loading class com/sun/org/apache/xerces/internal/xni/parser/XMLParseException done
Event: 36.145 Loading class java/util/HashMap$EntrySpliterator
Event: 36.146 Loading class java/util/HashMap$EntrySpliterator done
Event: 52.474 Loading class java/nio/file/attribute/PosixFileAttributeView
Event: 52.474 Loading class java/nio/file/attribute/PosixFileAttributeView done
Event: 52.545 Loading class java/nio/file/DirectoryIteratorException
Event: 52.545 Loading class java/nio/file/DirectoryIteratorException done
Event: 52.663 Loading class java/nio/file/FileTreeIterator
Event: 52.663 Loading class java/nio/file/FileTreeIterator done
Event: 61.349 Loading class jdk/internal/event/SecurityPropertyModificationEvent
Event: 61.349 Loading class jdk/internal/event/SecurityPropertyModificationEvent done
Event: 61.390 Loading class java/util/zip/CheckedInputStream
Event: 61.390 Loading class java/util/zip/CheckedInputStream done
Event: 61.457 Loading class java/util/zip/GZIPInputStream$1
Event: 61.457 Loading class java/util/zip/GZIPInputStream$1 done
Event: 61.562 Loading class java/lang/UnsupportedClassVersionError
Event: 61.562 Loading class java/lang/UnsupportedClassVersionError done

Classes unloaded (20 events):
Event: 5.852 Thread 0x000002001adf4580 Unloading class 0x000002001c1a8400 'java/lang/invoke/LambdaForm$DMH+0x000002001c1a8400'
Event: 7.440 Thread 0x000002001adf4580 Unloading class 0x000002001c300800 'java/lang/invoke/LambdaForm$MH+0x000002001c300800'
Event: 7.440 Thread 0x000002001adf4580 Unloading class 0x000002001c2ffc00 'java/lang/invoke/LambdaForm$MH+0x000002001c2ffc00'
Event: 7.440 Thread 0x000002001adf4580 Unloading class 0x000002001c2ff400 'java/lang/invoke/LambdaForm$MH+0x000002001c2ff400'
Event: 7.440 Thread 0x000002001adf4580 Unloading class 0x000002001c2fec00 'java/lang/invoke/LambdaForm$MH+0x000002001c2fec00'
Event: 7.440 Thread 0x000002001adf4580 Unloading class 0x000002001c2fe800 'java/lang/invoke/LambdaForm$DMH+0x000002001c2fe800'
Event: 7.440 Thread 0x000002001adf4580 Unloading class 0x000002001c2fcc00 'java/lang/invoke/LambdaForm$MH+0x000002001c2fcc00'
Event: 7.440 Thread 0x000002001adf4580 Unloading class 0x000002001c2f9400 'java/lang/invoke/LambdaForm$MH+0x000002001c2f9400'
Event: 7.440 Thread 0x000002001adf4580 Unloading class 0x000002001c2f8c00 'java/lang/invoke/LambdaForm$MH+0x000002001c2f8c00'
Event: 7.440 Thread 0x000002001adf4580 Unloading class 0x000002001c2f8400 'java/lang/invoke/LambdaForm$MH+0x000002001c2f8400'
Event: 7.440 Thread 0x000002001adf4580 Unloading class 0x000002001c2f3c00 'java/lang/invoke/LambdaForm$MH+0x000002001c2f3c00'
Event: 7.440 Thread 0x000002001adf4580 Unloading class 0x000002001c2f3400 'java/lang/invoke/LambdaForm$MH+0x000002001c2f3400'
Event: 7.440 Thread 0x000002001adf4580 Unloading class 0x000002001c2f2c00 'java/lang/invoke/LambdaForm$MH+0x000002001c2f2c00'
Event: 7.440 Thread 0x000002001adf4580 Unloading class 0x000002001c2f2400 'java/lang/invoke/LambdaForm$MH+0x000002001c2f2400'
Event: 7.440 Thread 0x000002001adf4580 Unloading class 0x000002001c2f2000 'java/lang/invoke/LambdaForm$MH+0x000002001c2f2000'
Event: 14.548 Thread 0x000002001adf4580 Unloading class 0x000002001c63d800 'java/lang/invoke/LambdaForm$DMH+0x000002001c63d800'
Event: 14.548 Thread 0x000002001adf4580 Unloading class 0x000002001c63d400 'java/lang/invoke/LambdaForm$DMH+0x000002001c63d400'
Event: 14.548 Thread 0x000002001adf4580 Unloading class 0x000002001c63d000 'java/lang/invoke/LambdaForm$DMH+0x000002001c63d000'
Event: 14.548 Thread 0x000002001adf4580 Unloading class 0x000002001c63cc00 'java/lang/invoke/LambdaForm$DMH+0x000002001c63cc00'
Event: 14.548 Thread 0x000002001adf4580 Unloading class 0x000002001c5c4800 'java/lang/invoke/LambdaForm$DMH+0x000002001c5c4800'

Classes redefined (0 events):
No events

Internal exceptions (20 events):
Event: 50.598 Thread 0x00000200631f5ae0 Implicit null exception at 0x000002000f755dc2 to 0x000002000f758494
Event: 50.602 Thread 0x00000200631f5ae0 Implicit null exception at 0x000002000f73a286 to 0x000002000f73a400
Event: 51.711 Thread 0x00000200641728e0 Implicit null exception at 0x000002000f4ecf06 to 0x000002000f4ed031
Event: 51.803 Thread 0x00000200641728e0 Implicit null exception at 0x000002000f652c86 to 0x000002000f652d90
Event: 51.906 Thread 0x00000200641728e0 Implicit null exception at 0x000002000f952030 to 0x000002000f954ccc
Event: 52.034 Thread 0x00000200641728e0 Exception <a 'java/lang/IncompatibleClassChangeError'{0x00000000d5861448}: Found class java.lang.Object, but interface was expected> (0x00000000d5861448) 
thrown [s\src\hotspot\share\interpreter\linkResolver.cpp, line 840]
Event: 61.097 Thread 0x00000200665af600 Exception <a 'sun/nio/fs/WindowsException'{0x00000000d56a8b80}> (0x00000000d56a8b80) 
thrown [s\src\hotspot\share\prims\jni.cpp, line 520]
Event: 61.099 Thread 0x00000200665af600 Exception <a 'sun/nio/fs/WindowsException'{0x00000000d56a93d0}> (0x00000000d56a93d0) 
thrown [s\src\hotspot\share\prims\jni.cpp, line 520]
Event: 61.100 Thread 0x00000200665af600 Exception <a 'sun/nio/fs/WindowsException'{0x00000000d56aa488}> (0x00000000d56aa488) 
thrown [s\src\hotspot\share\prims\jni.cpp, line 520]
Event: 61.101 Thread 0x00000200665af600 Exception <a 'sun/nio/fs/WindowsException'{0x00000000d56aaab8}> (0x00000000d56aaab8) 
thrown [s\src\hotspot\share\prims\jni.cpp, line 520]
Event: 61.105 Thread 0x00000200665ae8e0 Exception <a 'java/lang/IncompatibleClassChangeError'{0x00000000d56b8b30}: Found class java.lang.Object, but interface was expected> (0x00000000d56b8b30) 
thrown [s\src\hotspot\share\interpreter\linkResolver.cpp, line 840]
Event: 61.195 Thread 0x00000200665ae8e0 Exception <a 'java/lang/IncompatibleClassChangeError'{0x00000000d561e2d0}: Found class java.lang.Object, but interface was expected> (0x00000000d561e2d0) 
thrown [s\src\hotspot\share\interpreter\linkResolver.cpp, line 840]
Event: 61.199 Thread 0x00000200665ae8e0 Exception <a 'java/lang/IncompatibleClassChangeError'{0x00000000d565a1b0}: Found class java.lang.Object, but interface was expected> (0x00000000d565a1b0) 
thrown [s\src\hotspot\share\interpreter\linkResolver.cpp, line 840]
Event: 61.200 Thread 0x00000200665ae8e0 Exception <a 'java/lang/IncompatibleClassChangeError'{0x00000000d567c7c8}: Found class java.lang.Object, but interface was expected> (0x00000000d567c7c8) 
thrown [s\src\hotspot\share\interpreter\linkResolver.cpp, line 840]
Event: 61.202 Thread 0x00000200665ae8e0 Exception <a 'java/lang/IncompatibleClassChangeError'{0x00000000d5693250}: Found class java.lang.Object, but interface was expected> (0x00000000d5693250) 
thrown [s\src\hotspot\share\interpreter\linkResolver.cpp, line 840]
Event: 61.492 Thread 0x00000200665b0320 Exception <a 'java/lang/NoSuchMethodError'{0x00000000d59df1a0}: 'java.lang.Object java.lang.invoke.DirectMethodHandle$Holder.invokeSpecial(java.lang.Object, java.lang.Object, java.lang.Object, java.lang.Object, int, java.lang.Object, java.lang.Object)'> (0x00000000d59df1a0) 
thrown [s\src\hotspot\share\interpreter\linkResolver.cpp, line 773]
Event: 61.493 Thread 0x000002006416d390 Exception <a 'java/lang/NoSuchMethodError'{0x00000000d5a38690}: 'java.lang.Object java.lang.invoke.DirectMethodHandle$Holder.invokeSpecial(java.lang.Object, java.lang.Object, java.lang.Object, java.lang.Object, int, java.lang.Object, java.lang.Object)'> (0x00000000d5a38690) 
thrown [s\src\hotspot\share\interpreter\linkResolver.cpp, line 773]
Event: 61.612 Thread 0x0000020064172250 Exception <a 'java/lang/NoSuchMethodError'{0x00000000d561ff48}: 'int java.lang.invoke.Invokers$Holder.invokeExact_MT(java.lang.Object, java.lang.Object)'> (0x00000000d561ff48) 
thrown [s\src\hotspot\share\interpreter\linkResolver.cpp, line 773]
Event: 61.734 Thread 0x0000020064172250 Implicit null exception at 0x000002000f5a3455 to 0x000002000f5a3648
Event: 62.166 Thread 0x00000200665ae8e0 Exception <a 'java/lang/IncompatibleClassChangeError'{0x00000000d5a01838}: Found class java.lang.Object, but interface was expected> (0x00000000d5a01838) 
thrown [s\src\hotspot\share\interpreter\linkResolver.cpp, line 840]

ZGC Phase Switch (0 events):
No events

VM Operations (20 events):
Event: 61.876 Executing VM operation: ParallelGCFailedAllocation (Allocation Failure)
Event: 61.879 Executing VM operation: ParallelGCFailedAllocation (Allocation Failure) done
Event: 61.904 Executing VM operation: ParallelGCFailedAllocation (Allocation Failure)
Event: 61.907 Executing VM operation: ParallelGCFailedAllocation (Allocation Failure) done
Event: 61.941 Executing VM operation: ParallelGCFailedAllocation (Allocation Failure)
Event: 61.945 Executing VM operation: ParallelGCFailedAllocation (Allocation Failure) done
Event: 61.952 Executing VM operation: ParallelGCFailedAllocation (Allocation Failure)
Event: 61.956 Executing VM operation: ParallelGCFailedAllocation (Allocation Failure) done
Event: 61.965 Executing VM operation: ParallelGCFailedAllocation (Allocation Failure)
Event: 61.968 Executing VM operation: ParallelGCFailedAllocation (Allocation Failure) done
Event: 61.976 Executing VM operation: ParallelGCFailedAllocation (Allocation Failure)
Event: 61.979 Executing VM operation: ParallelGCFailedAllocation (Allocation Failure) done
Event: 62.013 Executing VM operation: ParallelGCFailedAllocation (Allocation Failure)
Event: 62.016 Executing VM operation: ParallelGCFailedAllocation (Allocation Failure) done
Event: 62.115 Executing VM operation: ParallelGCFailedAllocation (Allocation Failure)
Event: 62.118 Executing VM operation: ParallelGCFailedAllocation (Allocation Failure) done
Event: 62.168 Executing VM operation: ParallelGCFailedAllocation (Allocation Failure)
Event: 62.172 Executing VM operation: ParallelGCFailedAllocation (Allocation Failure) done
Event: 62.202 Executing VM operation: ParallelGCFailedAllocation (Allocation Failure)
Event: 62.206 Executing VM operation: ParallelGCFailedAllocation (Allocation Failure) done

Memory protections (0 events):
No events

Nmethod flushes (20 events):
Event: 14.573 Thread 0x000002001adf4580 flushing  nmethod 0x0000020007da2c90
Event: 14.573 Thread 0x000002001adf4580 flushing  nmethod 0x0000020007da5f90
Event: 14.573 Thread 0x000002001adf4580 flushing  nmethod 0x0000020007da6310
Event: 14.573 Thread 0x000002001adf4580 flushing  nmethod 0x0000020007da8890
Event: 14.573 Thread 0x000002001adf4580 flushing  nmethod 0x0000020007daad90
Event: 14.573 Thread 0x000002001adf4580 flushing  nmethod 0x0000020007dab210
Event: 14.573 Thread 0x000002001adf4580 flushing  nmethod 0x0000020007dab590
Event: 14.573 Thread 0x000002001adf4580 flushing  nmethod 0x0000020007dabe10
Event: 14.573 Thread 0x000002001adf4580 flushing  nmethod 0x0000020007dac210
Event: 14.573 Thread 0x000002001adf4580 flushing  nmethod 0x0000020007dac590
Event: 14.573 Thread 0x000002001adf4580 flushing  nmethod 0x0000020007dacb10
Event: 14.573 Thread 0x000002001adf4580 flushing  nmethod 0x0000020007dacf10
Event: 14.573 Thread 0x000002001adf4580 flushing  nmethod 0x0000020007dad490
Event: 14.573 Thread 0x000002001adf4580 flushing  nmethod 0x0000020007dae510
Event: 14.573 Thread 0x000002001adf4580 flushing  nmethod 0x0000020007dbf690
Event: 14.573 Thread 0x000002001adf4580 flushing  nmethod 0x0000020007dbfc90
Event: 14.573 Thread 0x000002001adf4580 flushing  nmethod 0x0000020007dc3b10
Event: 14.573 Thread 0x000002001adf4580 flushing  nmethod 0x0000020007de6090
Event: 14.573 Thread 0x000002001adf4580 flushing  nmethod 0x0000020007e0fa90
Event: 14.573 Thread 0x000002001adf4580 flushing  nmethod 0x0000020007e11e10

Events (20 events):
Event: 38.114 Thread 0x000002000442ca70 Thread added: 0x0000020064cd9db0
Event: 38.397 Thread 0x0000020064cd9db0 Thread exited: 0x0000020064cd9db0
Event: 38.397 Thread 0x0000020064cda480 Thread exited: 0x0000020064cda480
Event: 40.411 Thread 0x000002000442ca70 Thread added: 0x0000020064cdab50
Event: 40.560 Thread 0x0000020064cdab50 Thread exited: 0x0000020064cdab50
Event: 40.886 Thread 0x000002005d25e0e0 Thread added: 0x0000020065b4a740
Event: 41.384 Thread 0x0000020065b4a740 Thread exited: 0x0000020065b4a740
Event: 47.385 Thread 0x000002005d25e0e0 Thread added: 0x0000020065e952f0
Event: 48.885 Thread 0x0000020065e952f0 Thread exited: 0x0000020065e952f0
Event: 50.620 Thread 0x000002005d25e0e0 Thread added: 0x0000020063ce5cb0
Event: 51.438 Thread 0x00000200665b0320 Thread added: 0x0000020064170810
Event: 51.438 Thread 0x00000200631f8240 Thread added: 0x000002006416d390
Event: 51.438 Thread 0x000002006416d390 Thread added: 0x0000020064171530
Event: 51.439 Thread 0x0000020064170810 Thread added: 0x0000020064171bc0
Event: 51.443 Thread 0x0000020064171530 Thread added: 0x0000020064172250
Event: 51.444 Thread 0x0000020064171530 Thread added: 0x00000200641728e0
Event: 57.778 Thread 0x0000020063ce5cb0 Thread exited: 0x0000020063ce5cb0
Event: 61.353 Thread 0x0000020064171bc0 Thread added: 0x0000020064172f70
Event: 61.463 Thread 0x000002000442ca70 Thread added: 0x00000200662f3c30
Event: 61.794 Thread 0x0000020064172f70 Thread exited: 0x0000020064172f70


Dynamic libraries:
0x00007ff724720000 - 0x00007ff72472e000 	c:\Users\krish\.vscode\extensions\redhat.java-1.46.0-win32-x64\jre\21.0.8-win32-x86_64\bin\java.exe
0x00007ff827b80000 - 0x00007ff827de8000 	C:\WINDOWS\SYSTEM32\ntdll.dll
0x00007ff826f20000 - 0x00007ff826fe9000 	C:\WINDOWS\System32\KERNEL32.DLL
0x00007ff824f10000 - 0x00007ff825302000 	C:\WINDOWS\System32\KERNELBASE.dll
0x00007ff824d10000 - 0x00007ff824e5b000 	C:\WINDOWS\System32\ucrtbase.dll
0x00007ff809740000 - 0x00007ff809758000 	c:\Users\krish\.vscode\extensions\redhat.java-1.46.0-win32-x64\jre\21.0.8-win32-x86_64\bin\jli.dll
0x00007ff8119a0000 - 0x00007ff8119be000 	c:\Users\krish\.vscode\extensions\redhat.java-1.46.0-win32-x64\jre\21.0.8-win32-x86_64\bin\VCRUNTIME140.dll
0x00007ff826530000 - 0x00007ff8266f5000 	C:\WINDOWS\System32\USER32.dll
0x00007ff80dca0000 - 0x00007ff80df33000 	C:\WINDOWS\WinSxS\amd64_microsoft.windows.common-controls_6595b64144ccf1df_6.0.26100.6899_none_3e0efeeae32e88c1\COMCTL32.dll
0x00007ff825640000 - 0x00007ff825667000 	C:\WINDOWS\System32\win32u.dll
0x00007ff826500000 - 0x00007ff82652b000 	C:\WINDOWS\System32\GDI32.dll
0x00007ff825c50000 - 0x00007ff825cf9000 	C:\WINDOWS\System32\msvcrt.dll
0x00007ff8253a0000 - 0x00007ff8254cd000 	C:\WINDOWS\System32\gdi32full.dll
0x00007ff824e60000 - 0x00007ff824f03000 	C:\WINDOWS\System32\msvcp_win.dll
0x00007ff825d00000 - 0x00007ff825d2f000 	C:\WINDOWS\System32\IMM32.DLL
0x00007ff821d80000 - 0x00007ff821d8c000 	c:\Users\krish\.vscode\extensions\redhat.java-1.46.0-win32-x64\jre\21.0.8-win32-x86_64\bin\vcruntime140_1.dll
0x00007ffff6cc0000 - 0x00007ffff6d4d000 	c:\Users\krish\.vscode\extensions\redhat.java-1.46.0-win32-x64\jre\21.0.8-win32-x86_64\bin\msvcp140.dll
0x00007fff74a20000 - 0x00007fff757b7000 	c:\Users\krish\.vscode\extensions\redhat.java-1.46.0-win32-x64\jre\21.0.8-win32-x86_64\bin\server\jvm.dll
0x00007ff825dd0000 - 0x00007ff825e84000 	C:\WINDOWS\System32\ADVAPI32.dll
0x00007ff827340000 - 0x00007ff8273e6000 	C:\WINDOWS\System32\sechost.dll
0x00007ff825b30000 - 0x00007ff825c48000 	C:\WINDOWS\System32\RPCRT4.dll
0x00007ff827150000 - 0x00007ff8271c4000 	C:\WINDOWS\System32\WS2_32.dll
0x00007ff824b70000 - 0x00007ff824bce000 	C:\WINDOWS\SYSTEM32\POWRPROF.dll
0x00007ff81e4c0000 - 0x00007ff81e4f5000 	C:\WINDOWS\SYSTEM32\WINMM.dll
0x00007ff81e5f0000 - 0x00007ff81e5fb000 	C:\WINDOWS\SYSTEM32\VERSION.dll
0x00007ff824b50000 - 0x00007ff824b64000 	C:\WINDOWS\SYSTEM32\UMPDC.dll
0x00007ff823ae0000 - 0x00007ff823afb000 	C:\WINDOWS\SYSTEM32\kernel.appcore.dll
0x00007ff81f680000 - 0x00007ff81f68a000 	c:\Users\krish\.vscode\extensions\redhat.java-1.46.0-win32-x64\jre\21.0.8-win32-x86_64\bin\jimage.dll
0x00007ff819c80000 - 0x00007ff819ec2000 	C:\WINDOWS\SYSTEM32\DBGHELP.DLL
0x00007ff826180000 - 0x00007ff8264fb000 	C:\WINDOWS\System32\combase.dll
0x00007ff827250000 - 0x00007ff827327000 	C:\WINDOWS\System32\OLEAUT32.dll
0x00007ff800030000 - 0x00007ff80006c000 	C:\WINDOWS\SYSTEM32\dbgcore.DLL
0x00007ff825730000 - 0x00007ff8257c8000 	C:\WINDOWS\System32\bcryptPrimitives.dll
0x00007ff81b320000 - 0x00007ff81b32f000 	c:\Users\krish\.vscode\extensions\redhat.java-1.46.0-win32-x64\jre\21.0.8-win32-x86_64\bin\instrument.dll
0x00007ff8096f0000 - 0x00007ff80970f000 	c:\Users\krish\.vscode\extensions\redhat.java-1.46.0-win32-x64\jre\21.0.8-win32-x86_64\bin\java.dll
0x00007ff8273f0000 - 0x00007ff827b3d000 	C:\WINDOWS\System32\SHELL32.dll
0x00007ff8254d0000 - 0x00007ff82563b000 	C:\WINDOWS\System32\wintypes.dll
0x00007ff822940000 - 0x00007ff82319d000 	C:\WINDOWS\SYSTEM32\windows.storage.dll
0x00007ff826080000 - 0x00007ff826172000 	C:\WINDOWS\System32\SHCORE.dll
0x00007ff8270e0000 - 0x00007ff827142000 	C:\WINDOWS\System32\shlwapi.dll
0x00007ff824c30000 - 0x00007ff824c59000 	C:\WINDOWS\SYSTEM32\profapi.dll
0x00007ffff77a0000 - 0x00007ffff77b8000 	c:\Users\krish\.vscode\extensions\redhat.java-1.46.0-win32-x64\jre\21.0.8-win32-x86_64\bin\zip.dll
0x00007ff80d680000 - 0x00007ff80d690000 	C:\Users\krish\.vscode\extensions\redhat.java-1.46.0-win32-x64\jre\21.0.8-win32-x86_64\bin\net.dll
0x00007ff81e350000 - 0x00007ff81e46f000 	C:\WINDOWS\SYSTEM32\WINHTTP.dll
0x00007ff824050000 - 0x00007ff8240bb000 	C:\WINDOWS\system32\mswsock.dll
0x00007ffff6ca0000 - 0x00007ffff6cb6000 	C:\Users\krish\.vscode\extensions\redhat.java-1.46.0-win32-x64\jre\21.0.8-win32-x86_64\bin\nio.dll
0x00007ff80c4a0000 - 0x00007ff80c4b0000 	c:\Users\krish\.vscode\extensions\redhat.java-1.46.0-win32-x64\jre\21.0.8-win32-x86_64\bin\verify.dll
0x00007ffff5fb0000 - 0x00007ffff5ff4000 	C:\Users\krish\AppData\Roaming\Code\User\globalStorage\redhat.java\1.46.0\config_win\org.eclipse.equinox.launcher\org.eclipse.equinox.launcher.win32.win32.x86_64_1.2.1400.v20250801-0854\eclipse_11916.dll
0x00007ff826710000 - 0x00007ff8268a8000 	C:\WINDOWS\System32\ole32.dll
0x00007ff80a190000 - 0x00007ff80a19a000 	C:\Users\krish\.vscode\extensions\redhat.java-1.46.0-win32-x64\jre\21.0.8-win32-x86_64\bin\management.dll
0x00007ffffcaf0000 - 0x00007ffffcafb000 	C:\Users\krish\.vscode\extensions\redhat.java-1.46.0-win32-x64\jre\21.0.8-win32-x86_64\bin\management_ext.dll
0x00007ff827000000 - 0x00007ff827008000 	C:\WINDOWS\System32\PSAPI.DLL
0x00007ff824300000 - 0x00007ff82431b000 	C:\WINDOWS\SYSTEM32\CRYPTSP.dll
0x00007ff823a40000 - 0x00007ff823a7b000 	C:\WINDOWS\system32\rsaenh.dll
0x00007ff8240f0000 - 0x00007ff82411b000 	C:\WINDOWS\SYSTEM32\USERENV.dll
0x00007ff824c00000 - 0x00007ff824c26000 	C:\WINDOWS\SYSTEM32\bcrypt.dll
0x00007ff824320000 - 0x00007ff82432c000 	C:\WINDOWS\SYSTEM32\CRYPTBASE.dll
0x00007ff823630000 - 0x00007ff823664000 	C:\WINDOWS\SYSTEM32\IPHLPAPI.DLL
0x00007ff826ff0000 - 0x00007ff826ffa000 	C:\WINDOWS\System32\NSI.dll
0x00007fffe2560000 - 0x00007fffe25a9000 	C:\Users\krish\AppData\Local\Temp\jna-102317495\jna14590430540008797153.dll
0x00007ff81f800000 - 0x00007ff81f81e000 	C:\WINDOWS\SYSTEM32\dhcpcsvc6.DLL
0x00007ff81f760000 - 0x00007ff81f783000 	C:\WINDOWS\SYSTEM32\dhcpcsvc.DLL
0x00007ff818620000 - 0x00007ff81862e000 	C:\Users\krish\.vscode\extensions\redhat.java-1.46.0-win32-x64\jre\21.0.8-win32-x86_64\bin\sunmscapi.dll
0x00007ff8257d0000 - 0x00007ff825947000 	C:\WINDOWS\System32\CRYPT32.dll
0x00007ff824520000 - 0x00007ff824550000 	C:\WINDOWS\SYSTEM32\ncrypt.dll
0x00007ff8244d0000 - 0x00007ff82450f000 	C:\WINDOWS\SYSTEM32\NTASN1.dll
0x00007ff823670000 - 0x00007ff823796000 	C:\WINDOWS\SYSTEM32\DNSAPI.dll
0x00007ff81e5e0000 - 0x00007ff81e5eb000 	C:\Windows\System32\rasadhlp.dll
0x00007ff81fae0000 - 0x00007ff81fb66000 	C:\WINDOWS\System32\fwpuclnt.dll
0x00007ff818630000 - 0x00007ff818639000 	C:\Users\krish\.vscode\extensions\redhat.java-1.46.0-win32-x64\jre\21.0.8-win32-x86_64\bin\extnet.dll

JVMTI agents:
c:\Users\krish\.vscode\extensions\redhat.java-1.46.0-win32-x64\lombok\lombok-1.18.39-4050.jar path:c:\Users\krish\.vscode\extensions\redhat.java-1.46.0-win32-x64\jre\21.0.8-win32-x86_64\bin\instrument.dll, loaded, initialized, instrumentlib options:none

dbghelp: loaded successfully - version: 4.0.5 - missing functions: none
symbol engine: initialized successfully - sym options: 0x614 - pdb path: .;c:\Users\krish\.vscode\extensions\redhat.java-1.46.0-win32-x64\jre\21.0.8-win32-x86_64\bin;C:\WINDOWS\SYSTEM32;C:\WINDOWS\WinSxS\amd64_microsoft.windows.common-controls_6595b64144ccf1df_6.0.26100.6899_none_3e0efeeae32e88c1;c:\Users\krish\.vscode\extensions\redhat.java-1.46.0-win32-x64\jre\21.0.8-win32-x86_64\bin\server;C:\Users\krish\AppData\Roaming\Code\User\globalStorage\redhat.java\1.46.0\config_win\org.eclipse.equinox.launcher\org.eclipse.equinox.launcher.win32.win32.x86_64_1.2.1400.v20250801-0854;C:\Users\krish\AppData\Local\Temp\jna-102317495

VM Arguments:
jvm_args: --add-modules=ALL-SYSTEM --add-opens=java.base/java.util=ALL-UNNAMED --add-opens=java.base/java.lang=ALL-UNNAMED --add-opens=java.base/sun.nio.fs=ALL-UNNAMED -Declipse.application=org.eclipse.jdt.ls.core.id1 -Dosgi.bundles.defaultStartLevel=4 -Declipse.product=org.eclipse.jdt.ls.core.product -Djava.import.generatesMetadataFilesAtProjectRoot=false -DDetectVMInstallationsJob.disabled=true -Dfile.encoding=utf8 -XX:+UseParallelGC -XX:GCTimeRatio=4 -XX:AdaptiveSizePolicyWeight=90 -Dsun.zip.disableMemoryMapping=true -Xmx2G -Xms100m -Xlog:disable -javaagent:c:\Users\krish\.vscode\extensions\redhat.java-1.46.0-win32-x64\lombok\lombok-1.18.39-4050.jar -XX:+HeapDumpOnOutOfMemoryError -XX:HeapDumpPath=c:\Users\krish\AppData\Roaming\Code\User\workspaceStorage\9a28730b11c7b433dc7486a3eba37682\redhat.java -Daether.dependencyCollector.impl=bf 
java_command: c:\Users\krish\.vscode\extensions\redhat.java-1.46.0-win32-x64\server\plugins\org.eclipse.equinox.launcher_1.7.0.v20250519-0528.jar -configuration c:\Users\krish\AppData\Roaming\Code\User\globalStorage\redhat.java\1.46.0\config_win -data c:\Users\krish\AppData\Roaming\Code\User\workspaceStorage\9a28730b11c7b433dc7486a3eba37682\redhat.java\jdt_ws --pipe=\\.\pipe\lsp-4c6664af0c0208a87e3566a7a4839419-sock
java_class_path (initial): c:\Users\krish\.vscode\extensions\redhat.java-1.46.0-win32-x64\server\plugins\org.eclipse.equinox.launcher_1.7.0.v20250519-0528.jar
Launcher Type: SUN_STANDARD

[Global flags]
    uintx AdaptiveSizePolicyWeight                 = 90                                        {product} {command line}
     intx CICompilerCount                          = 4                                         {product} {ergonomic}
    uintx GCTimeRatio                              = 4                                         {product} {command line}
     bool HeapDumpOnOutOfMemoryError               = true                                   {manageable} {command line}
    ccstr HeapDumpPath                             = c:\Users\krish\AppData\Roaming\Code\User\workspaceStorage\9a28730b11c7b433dc7486a3eba37682\redhat.java         {manageable} {command line}
   size_t InitialHeapSize                          = 104857600                                 {product} {command line}
   size_t MaxHeapSize                              = 2147483648                                {product} {command line}
   size_t MaxNewSize                               = 715653120                                 {product} {ergonomic}
   size_t MinHeapDeltaBytes                        = 524288                                    {product} {ergonomic}
   size_t MinHeapSize                              = 104857600                                 {product} {command line}
   size_t NewSize                                  = 34603008                                  {product} {ergonomic}
    uintx NonNMethodCodeHeapSize                   = 5839372                                {pd product} {ergonomic}
    uintx NonProfiledCodeHeapSize                  = 122909434                              {pd product} {ergonomic}
   size_t OldSize                                  = 70254592                                  {product} {ergonomic}
    uintx ProfiledCodeHeapSize                     = 122909434                              {pd product} {ergonomic}
    uintx ReservedCodeCacheSize                    = 251658240                              {pd product} {ergonomic}
     bool SegmentedCodeCache                       = true                                      {product} {ergonomic}
   size_t SoftMaxHeapSize                          = 2147483648                             {manageable} {ergonomic}
     bool UseCompressedOops                        = true                           {product lp64_product} {ergonomic}
     bool UseLargePagesIndividualAllocation        = false                                  {pd product} {ergonomic}
     bool UseParallelGC                            = true                                      {product} {command line}

Logging:
Log output configuration:
 #0: stdout all=off uptime,level,tags foldmultilines=false
 #1: stderr all=off uptime,level,tags foldmultilines=false

Environment Variables:
JAVA_HOME=C:\Program Files\Java\jdk-21
PATH=C:\Program Files\Python312\;C:\Program Files\Common Files\Oracle\Java\javapath;C:\WINDOWS\system32;C:\WINDOWS;C:\WINDOWS\System32\Wbem;C:\WINDOWS\System32\WindowsPowerShell\v1.0\;C:\WINDOWS\System32\OpenSSH\;C:\TURBOC3\BIN;C:\Program Files\Java\jdk-21\bin;C:\Program Files\Google\Chrome\Application;D:\Seeree\MinGW\bin;C:\Users\krish\AppData\Local\Programs\Microsoft VS Code\bin;C:\Program Files\Git\cmd;C:\Program Files\JetBrains\IntelliJ IDEA Community Edition 2023.3.1\bin;C:\Program Files\dotnet\;C:\Users\krish\Downloads\apache-maven-3.9.9-bin\apache-maven-3.9.9\bin;C:\xampp\mysql\bin;C:\Users\krish\Downloads\flutter_windows_3.32.8-stable\flutter\bin;C:\Users\krish\AppData\Local\Android\Sdk\cmdline-tools\latest\bin;C:\Program Files\nodejs\;C:\Users\krish\AppData\Local\Microsoft\WindowsApps;C:\Program Files\Java\jdk-21\bin;C:\TURBOC3\BIN;C:\Program Files\JetBrains\IntelliJ IDEA Community Edition 2023.3.1\bin;;C:\kotlin-compiler-1.9.21\kotlinc\bin;C:\Program Files\JetBrains\PyCharm Community Edition 2024.1\bin;;C:\Users\krish\.dotnet\tools;C:\Users\krish\AppData\Local\Programs\Microsoft VS Code\bin;C:\xampp\mysql\bin;C:\Users\krish\AppData\Roaming\npm
USERNAME=krish
OS=Windows_NT
PROCESSOR_IDENTIFIER=AMD64 Family 25 Model 80 Stepping 0, AuthenticAMD
TMP=C:\Users\krish\AppData\Local\Temp
TEMP=C:\Users\krish\AppData\Local\Temp




Periodic native trim disabled

---------------  S Y S T E M  ---------------

OS:
 Windows 11 , 64 bit Build 26100 (10.0.26100.6725)
OS uptime: 0 days 0:50 hours
Hyper-V role detected

CPU: total 12 (initial active 12) (12 cores per cpu, 2 threads per core) family 25 model 80 stepping 0 microcode 0xa50000f, cx8, cmov, fxsr, ht, mmx, 3dnowpref, sse, sse2, sse3, ssse3, sse4a, sse4.1, sse4.2, popcnt, lzcnt, tsc, tscinvbit, avx, avx2, aes, erms, clmul, bmi1, bmi2, adx, sha, fma, vzeroupper, clflush, clflushopt, hv, rdtscp, rdpid, fsrm, f16c, cet_ss
Processor Information for processor 0
  Max Mhz: 3301, Current Mhz: 1908, Mhz Limit: 3301
Processor Information for processor 1
  Max Mhz: 3301, Current Mhz: 1805, Mhz Limit: 3301
Processor Information for processor 2
  Max Mhz: 3301, Current Mhz: 1908, Mhz Limit: 3301
Processor Information for processor 3
  Max Mhz: 3301, Current Mhz: 1908, Mhz Limit: 3301
Processor Information for processor 4
  Max Mhz: 3301, Current Mhz: 1805, Mhz Limit: 3301
Processor Information for processor 5
  Max Mhz: 3301, Current Mhz: 1908, Mhz Limit: 3301
Processor Information for processor 6
  Max Mhz: 3301, Current Mhz: 1908, Mhz Limit: 3301
Processor Information for processor 7
  Max Mhz: 3301, Current Mhz: 1908, Mhz Limit: 3301
Processor Information for processor 8
  Max Mhz: 3301, Current Mhz: 1908, Mhz Limit: 3301
Processor Information for processor 9
  Max Mhz: 3301, Current Mhz: 1805, Mhz Limit: 3301
Processor Information for processor 10
  Max Mhz: 3301, Current Mhz: 1908, Mhz Limit: 3301
Processor Information for processor 11
  Max Mhz: 3301, Current Mhz: 1805, Mhz Limit: 3301

Memory: 4k page, system-wide physical 7518M (391M free)
TotalPageFile size 14779M (AvailPageFile size 0M)
current process WorkingSet (physical memory assigned to process): 1078M, peak: 1100M
current process commit charge ("private bytes"): 1141M, peak: 1144M

vm_info: OpenJDK 64-Bit Server VM (21.0.8+9-LTS) for windows-amd64 JRE (21.0.8+9-LTS), built on 2025-07-15T00:00:00Z by "admin" with MS VC++ 17.7 (VS2022)

END.
